<?xml version="1.0" encoding="UTF-8"?>
<testsuite xmlns:xsi="http://www.w3.org/2001/XMLSchema-instance" xsi:noNamespaceSchemaLocation="https://maven.apache.org/surefire/maven-surefire-plugin/xsd/surefire-test-report-3.0.xsd" version="3.0" name="com.study.AppTest" time="0.067" tests="1" errors="0" skipped="0" failures="0">
  <properties>
    <property name="java.specification.version" value="21"/>
    <property name="sun.jnu.encoding" value="UTF-8"/>
    <property name="java.class.path" value="/mnt/d/WSL/java-projects/study-app/target/test-classes:/mnt/d/WSL/java-projects/study-app/target/classes:/root/.m2/repository/org/junit/jupiter/junit-jupiter/5.10.2/junit-jupiter-5.10.2.jar:/root/.m2/repository/org/junit/jupiter/junit-jupiter-api/5.10.2/junit-jupiter-api-5.10.2.jar:/root/.m2/repository/org/opentest4j/opentest4j/1.3.0/opentest4j-1.3.0.jar:/root/.m2/repository/org/junit/platform/junit-platform-commons/1.10.2/junit-platform-commons-1.10.2.jar:/root/.m2/repository/org/apiguardian/apiguardian-api/1.1.2/apiguardian-api-1.1.2.jar:/root/.m2/repository/org/junit/jupiter/junit-jupiter-params/5.10.2/junit-jupiter-params-5.10.2.jar:/root/.m2/repository/org/junit/jupiter/junit-jupiter-engine/5.10.2/junit-jupiter-engine-5.10.2.jar:/root/.m2/repository/org/junit/platform/junit-platform-engine/1.10.2/junit-platform-engine-1.10.2.jar:/root/.m2/repository/com/amazonaws/aws-lambda-java-core/1.2.3/aws-lambda-java-core-1.2.3.jar:/root/.m2/repository/com/fasterxml/jackson/core/jackson-databind/2.17.1/jackson-databind-2.17.1.jar:/root/.m2/repository/com/fasterxml/jackson/core/jackson-annotations/2.17.1/jackson-annotations-2.17.1.jar:/root/.m2/repository/com/fasterxml/jackson/core/jackson-core/2.17.1/jackson-core-2.17.1.jar:/root/.m2/repository/software/amazon/awssdk/dynamodb/2.6.0/dynamodb-2.6.0.jar:/root/.m2/repository/software/amazon/awssdk/aws-json-protocol/2.6.0/aws-json-protocol-2.6.0.jar:/root/.m2/repository/software/amazon/awssdk/protocol-core/2.6.0/protocol-core-2.6.0.jar:/root/.m2/repository/software/amazon/awssdk/sdk-core/2.6.0/sdk-core-2.6.0.jar:/root/.m2/repository/software/amazon/awssdk/profiles/2.6.0/profiles-2.6.0.jar:/root/.m2/repository/org/slf4j/slf4j-api/1.7.25/slf4j-api-1.7.25.jar:/root/.m2/repository/org/reactivestreams/reactive-streams/1.0.2/reactive-streams-1.0.2.jar:/root/.m2/repository/software/amazon/awssdk/auth/2.6.0/auth-2.6.0.jar:/root/.m2/repository/software/amazon/eventstream/eventstream/1.0.1/eventstream-1.0.1.jar:/root/.m2/repository/software/amazon/awssdk/http-client-spi/2.6.0/http-client-spi-2.6.0.jar:/root/.m2/repository/software/amazon/awssdk/regions/2.6.0/regions-2.6.0.jar:/root/.m2/repository/software/amazon/awssdk/annotations/2.6.0/annotations-2.6.0.jar:/root/.m2/repository/software/amazon/awssdk/utils/2.6.0/utils-2.6.0.jar:/root/.m2/repository/software/amazon/awssdk/aws-core/2.6.0/aws-core-2.6.0.jar:/root/.m2/repository/software/amazon/awssdk/apache-client/2.6.0/apache-client-2.6.0.jar:/root/.m2/repository/org/apache/httpcomponents/httpclient/4.5.6/httpclient-4.5.6.jar:/root/.m2/repository/commons-logging/commons-logging/1.2/commons-logging-1.2.jar:/root/.m2/repository/commons-codec/commons-codec/1.10/commons-codec-1.10.jar:/root/.m2/repository/org/apache/httpcomponents/httpcore/4.4.10/httpcore-4.4.10.jar:/root/.m2/repository/software/amazon/awssdk/netty-nio-client/2.6.0/netty-nio-client-2.6.0.jar:/root/.m2/repository/io/netty/netty-codec-http/4.1.33.Final/netty-codec-http-4.1.33.Final.jar:/root/.m2/repository/io/netty/netty-codec-http2/4.1.33.Final/netty-codec-http2-4.1.33.Final.jar:/root/.m2/repository/io/netty/netty-codec/4.1.33.Final/netty-codec-4.1.33.Final.jar:/root/.m2/repository/io/netty/netty-transport/4.1.33.Final/netty-transport-4.1.33.Final.jar:/root/.m2/repository/io/netty/netty-resolver/4.1.33.Final/netty-resolver-4.1.33.Final.jar:/root/.m2/repository/io/netty/netty-common/4.1.33.Final/netty-common-4.1.33.Final.jar:/root/.m2/repository/io/netty/netty-buffer/4.1.33.Final/netty-buffer-4.1.33.Final.jar:/root/.m2/repository/io/netty/netty-handler/4.1.33.Final/netty-handler-4.1.33.Final.jar:/root/.m2/repository/io/netty/netty-transport-native-epoll/4.1.33.Final/netty-transport-native-epoll-4.1.33.Final-linux-x86_64.jar:/root/.m2/repository/io/netty/netty-transport-native-unix-common/4.1.33.Final/netty-transport-native-unix-common-4.1.33.Final.jar:/root/.m2/repository/com/typesafe/netty/netty-reactive-streams-http/2.0.0/netty-reactive-streams-http-2.0.0.jar:/root/.m2/repository/com/typesafe/netty/netty-reactive-streams/2.0.0/netty-reactive-streams-2.0.0.jar:"/>
    <property name="java.vm.vendor" value="Ubuntu"/>
    <property name="sun.arch.data.model" value="64"/>
    <property name="java.vendor.url" value="https://ubuntu.com/"/>
    <property name="os.name" value="Linux"/>
    <property name="java.vm.specification.version" value="21"/>
    <property name="sun.java.launcher" value="SUN_STANDARD"/>
    <property name="sun.boot.library.path" value="/usr/lib/jvm/java-21-openjdk-amd64/lib"/>
    <property name="sun.java.command" value="/mnt/d/WSL/java-projects/study-app/target/surefire/surefirebooter-20250705220057254_3.jar /mnt/d/WSL/java-projects/study-app/target/surefire 2025-07-05T22-00-57_181-jvmRun1 surefire-20250705220057254_1tmp surefire_0-20250705220057254_2tmp"/>
    <property name="jdk.debug" value="release"/>
    <property name="surefire.test.class.path" value="/mnt/d/WSL/java-projects/study-app/target/test-classes:/mnt/d/WSL/java-projects/study-app/target/classes:/root/.m2/repository/org/junit/jupiter/junit-jupiter/5.10.2/junit-jupiter-5.10.2.jar:/root/.m2/repository/org/junit/jupiter/junit-jupiter-api/5.10.2/junit-jupiter-api-5.10.2.jar:/root/.m2/repository/org/opentest4j/opentest4j/1.3.0/opentest4j-1.3.0.jar:/root/.m2/repository/org/junit/platform/junit-platform-commons/1.10.2/junit-platform-commons-1.10.2.jar:/root/.m2/repository/org/apiguardian/apiguardian-api/1.1.2/apiguardian-api-1.1.2.jar:/root/.m2/repository/org/junit/jupiter/junit-jupiter-params/5.10.2/junit-jupiter-params-5.10.2.jar:/root/.m2/repository/org/junit/jupiter/junit-jupiter-engine/5.10.2/junit-jupiter-engine-5.10.2.jar:/root/.m2/repository/org/junit/platform/junit-platform-engine/1.10.2/junit-platform-engine-1.10.2.jar:/root/.m2/repository/com/amazonaws/aws-lambda-java-core/1.2.3/aws-lambda-java-core-1.2.3.jar:/root/.m2/repository/com/fasterxml/jackson/core/jackson-databind/2.17.1/jackson-databind-2.17.1.jar:/root/.m2/repository/com/fasterxml/jackson/core/jackson-annotations/2.17.1/jackson-annotations-2.17.1.jar:/root/.m2/repository/com/fasterxml/jackson/core/jackson-core/2.17.1/jackson-core-2.17.1.jar:/root/.m2/repository/software/amazon/awssdk/dynamodb/2.6.0/dynamodb-2.6.0.jar:/root/.m2/repository/software/amazon/awssdk/aws-json-protocol/2.6.0/aws-json-protocol-2.6.0.jar:/root/.m2/repository/software/amazon/awssdk/protocol-core/2.6.0/protocol-core-2.6.0.jar:/root/.m2/repository/software/amazon/awssdk/sdk-core/2.6.0/sdk-core-2.6.0.jar:/root/.m2/repository/software/amazon/awssdk/profiles/2.6.0/profiles-2.6.0.jar:/root/.m2/repository/org/slf4j/slf4j-api/1.7.25/slf4j-api-1.7.25.jar:/root/.m2/repository/org/reactivestreams/reactive-streams/1.0.2/reactive-streams-1.0.2.jar:/root/.m2/repository/software/amazon/awssdk/auth/2.6.0/auth-2.6.0.jar:/root/.m2/repository/software/amazon/eventstream/eventstream/1.0.1/eventstream-1.0.1.jar:/root/.m2/repository/software/amazon/awssdk/http-client-spi/2.6.0/http-client-spi-2.6.0.jar:/root/.m2/repository/software/amazon/awssdk/regions/2.6.0/regions-2.6.0.jar:/root/.m2/repository/software/amazon/awssdk/annotations/2.6.0/annotations-2.6.0.jar:/root/.m2/repository/software/amazon/awssdk/utils/2.6.0/utils-2.6.0.jar:/root/.m2/repository/software/amazon/awssdk/aws-core/2.6.0/aws-core-2.6.0.jar:/root/.m2/repository/software/amazon/awssdk/apache-client/2.6.0/apache-client-2.6.0.jar:/root/.m2/repository/org/apache/httpcomponents/httpclient/4.5.6/httpclient-4.5.6.jar:/root/.m2/repository/commons-logging/commons-logging/1.2/commons-logging-1.2.jar:/root/.m2/repository/commons-codec/commons-codec/1.10/commons-codec-1.10.jar:/root/.m2/repository/org/apache/httpcomponents/httpcore/4.4.10/httpcore-4.4.10.jar:/root/.m2/repository/software/amazon/awssdk/netty-nio-client/2.6.0/netty-nio-client-2.6.0.jar:/root/.m2/repository/io/netty/netty-codec-http/4.1.33.Final/netty-codec-http-4.1.33.Final.jar:/root/.m2/repository/io/netty/netty-codec-http2/4.1.33.Final/netty-codec-http2-4.1.33.Final.jar:/root/.m2/repository/io/netty/netty-codec/4.1.33.Final/netty-codec-4.1.33.Final.jar:/root/.m2/repository/io/netty/netty-transport/4.1.33.Final/netty-transport-4.1.33.Final.jar:/root/.m2/repository/io/netty/netty-resolver/4.1.33.Final/netty-resolver-4.1.33.Final.jar:/root/.m2/repository/io/netty/netty-common/4.1.33.Final/netty-common-4.1.33.Final.jar:/root/.m2/repository/io/netty/netty-buffer/4.1.33.Final/netty-buffer-4.1.33.Final.jar:/root/.m2/repository/io/netty/netty-handler/4.1.33.Final/netty-handler-4.1.33.Final.jar:/root/.m2/repository/io/netty/netty-transport-native-epoll/4.1.33.Final/netty-transport-native-epoll-4.1.33.Final-linux-x86_64.jar:/root/.m2/repository/io/netty/netty-transport-native-unix-common/4.1.33.Final/netty-transport-native-unix-common-4.1.33.Final.jar:/root/.m2/repository/com/typesafe/netty/netty-reactive-streams-http/2.0.0/netty-reactive-streams-http-2.0.0.jar:/root/.m2/repository/com/typesafe/netty/netty-reactive-streams/2.0.0/netty-reactive-streams-2.0.0.jar:"/>
    <property name="sun.cpu.endian" value="little"/>
    <property name="user.home" value="/root"/>
    <property name="user.language" value="en"/>
    <property name="java.specification.vendor" value="Oracle Corporation"/>
    <property name="java.version.date" value="2025-04-15"/>
    <property name="java.home" value="/usr/lib/jvm/java-21-openjdk-amd64"/>
    <property name="file.separator" value="/"/>
    <property name="basedir" value="/mnt/d/WSL/java-projects/study-app"/>
    <property name="java.vm.compressedOopsMode" value="Zero based"/>
    <property name="line.separator" value="&#10;"/>
    <property name="java.vm.specification.vendor" value="Oracle Corporation"/>
    <property name="java.specification.name" value="Java Platform API Specification"/>
    <property name="surefire.real.class.path" value="/mnt/d/WSL/java-projects/study-app/target/surefire/surefirebooter-20250705220057254_3.jar"/>
    <property name="sun.management.compiler" value="HotSpot 64-Bit Tiered Compilers"/>
    <property name="java.runtime.version" value="21.0.7+6-Ubuntu-0ubuntu124.04"/>
    <property name="user.name" value="root"/>
    <property name="stdout.encoding" value="UTF-8"/>
    <property name="path.separator" value=":"/>
    <property name="os.version" value="5.10.16.3-microsoft-standard-WSL2"/>
    <property name="java.runtime.name" value="OpenJDK Runtime Environment"/>
    <property name="file.encoding" value="UTF-8"/>
    <property name="java.vm.name" value="OpenJDK 64-Bit Server VM"/>
    <property name="localRepository" value="/root/.m2/repository"/>
    <property name="java.vendor.url.bug" value="https://bugs.launchpad.net/ubuntu/+source/openjdk-21"/>
    <property name="java.io.tmpdir" value="/tmp"/>
    <property name="java.version" value="21.0.7"/>
    <property name="user.dir" value="/mnt/d/WSL/java-projects/study-app"/>
    <property name="os.arch" value="amd64"/>
    <property name="java.vm.specification.name" value="Java Virtual Machine Specification"/>
    <property name="native.encoding" value="UTF-8"/>
    <property name="java.library.path" value="/usr/java/packages/lib:/usr/lib/x86_64-linux-gnu/jni:/lib/x86_64-linux-gnu:/usr/lib/x86_64-linux-gnu:/usr/lib/jni:/lib:/usr/lib"/>
    <property name="stderr.encoding" value="UTF-8"/>
    <property name="java.vm.info" value="mixed mode, sharing"/>
    <property name="java.vendor" value="Ubuntu"/>
    <property name="java.vm.version" value="21.0.7+6-Ubuntu-0ubuntu124.04"/>
    <property name="sun.io.unicode.encoding" value="UnicodeLittle"/>
    <property name="java.class.version" value="65.0"/>
  </properties>
  <testcase name="sampleTest" classname="com.study.AppTest" time="0.028"/>
</testsuite>